[Tue Feb 18 22:15:36.380985 2025] [mpm_winnt:notice] [pid 18680:tid 676] AH00455: Apache/2.4.47 (Win64) OpenSSL/1.1.1k PHP/7.4.19 configured -- resuming normal operations
[Tue Feb 18 22:15:36.380985 2025] [mpm_winnt:notice] [pid 18680:tid 676] AH00456: Apache Lounge VS16 Server built: Apr 24 2021 11:08:47
[Tue Feb 18 22:15:36.380985 2025] [core:notice] [pid 18680:tid 676] AH00094: Command line: 'C:\\laragon\\bin\\apache\\httpd-2.4.47-win64-VS16\\bin\\httpd -d C:/laragon/bin/apache/httpd-2.4.47-win64-VS16'
[Tue Feb 18 22:15:36.384989 2025] [mpm_winnt:notice] [pid 18680:tid 676] AH00418: Parent: Created child process 4208
[Tue Feb 18 22:15:36.686993 2025] [mpm_winnt:notice] [pid 4208:tid 536] AH00354: Child: Starting 64 worker threads.
[Tue Feb 18 22:18:47.042346 2025] [mpm_winnt:crit] [pid 4208:tid 536] AH02538: Child: Parent process exited abruptly. Child process is ending
[Tue Feb 18 22:18:49.064346 2025] [mpm_winnt:notice] [pid 4208:tid 536] AH00364: Child: All worker threads have exited.
[Tue Feb 18 22:18:50.580222 2025] [core:warn] [pid 20012:tid 68] AH00098: pid file C:/laragon/bin/apache/httpd-2.4.47-win64-VS16/logs/httpd.pid overwritten -- Unclean shutdown of previous Apache run?
[Tue Feb 18 22:18:50.604223 2025] [mpm_winnt:notice] [pid 20012:tid 68] AH00455: Apache/2.4.47 (Win64) OpenSSL/1.1.1k PHP/7.4.19 configured -- resuming normal operations
[Tue Feb 18 22:18:50.604223 2025] [mpm_winnt:notice] [pid 20012:tid 68] AH00456: Apache Lounge VS16 Server built: Apr 24 2021 11:08:47
[Tue Feb 18 22:18:50.604223 2025] [core:notice] [pid 20012:tid 68] AH00094: Command line: 'C:\\laragon\\bin\\apache\\httpd-2.4.47-win64-VS16\\bin\\httpd -d C:/laragon/bin/apache/httpd-2.4.47-win64-VS16'
[Tue Feb 18 22:18:50.610220 2025] [mpm_winnt:notice] [pid 20012:tid 68] AH00418: Parent: Created child process 15572
Apache server interrupted...
025] [mpm_winnt:notice] [pid 15572:tid 696] AH00354: Child: Starting 64 worker threads.
[Tue Feb 18 22:21:35.818836 2025] [mpm_winnt:notice] [pid 20012:tid 68] AH00422: Parent: Received shutdown signal -- Shutting down the server.
[Tue Feb 18 22:21:37.838174 2025] [mpm_winnt:notice] [pid 15572:tid 696] AH00364: Child: All worker threads have exited.
[Tue Feb 18 22:21:39.919266 2025] [core:warn] [pid 9948:tid 556] AH00098: pid file C:/laragon/bin/apache/httpd-2.4.47-win64-VS16/logs/httpd.pid overwritten -- Unclean shutdown of previous Apache run?
[Tue Feb 18 22:21:39.932265 2025] [mpm_winnt:notice] [pid 9948:tid 556] AH00455: Apache/2.4.47 (Win64) OpenSSL/1.1.1k PHP/7.4.19 configured -- resuming normal operations
[Tue Feb 18 22:21:39.932265 2025] [mpm_winnt:notice] [pid 9948:tid 556] AH00456: Apache Lounge VS16 Server built: Apr 24 2021 11:08:47
[Tue Feb 18 22:21:39.932265 2025] [core:notice] [pid 9948:tid 556] AH00094: Command line: 'C:\\laragon\\bin\\apache\\httpd-2.4.47-win64-VS16\\bin\\httpd -d C:/laragon/bin/apache/httpd-2.4.47-win64-VS16'
[Tue Feb 18 22:21:39.935259 2025] [mpm_winnt:notice] [pid 9948:tid 556] AH00418: Parent: Created child process 17680
[Tue Feb 18 22:21:40.233259 2025] [mpm_winnt:notice] [pid 17680:tid 672] AH00354: Child: Starting 64 worker threads.
[Tue Feb 18 22:22:14.119674 2025] [mpm_winnt:crit] [pid 17680:tid 672] AH02538: Child: Parent process exited abruptly. Child process is ending
[Tue Feb 18 22:22:16.139557 2025] [mpm_winnt:notice] [pid 17680:tid 672] AH00364: Child: All worker threads have exited.
[Sat Feb 22 21:45:28.882391 2025] [core:warn] [pid 4484:tid 552] AH00098: pid file C:/laragon/bin/apache/httpd-2.4.47-win64-VS16/logs/httpd.pid overwritten -- Unclean shutdown of previous Apache run?
[Sat Feb 22 21:45:29.227413 2025] [mpm_winnt:notice] [pid 4484:tid 552] AH00455: Apache/2.4.47 (Win64) OpenSSL/1.1.1k PHP/7.4.19 configured -- resuming normal operations
[Sat Feb 22 21:45:29.227413 2025] [mpm_winnt:notice] [pid 4484:tid 552] AH00456: Apache Lounge VS16 Server built: Apr 24 2021 11:08:47
[Sat Feb 22 21:45:29.227413 2025] [core:notice] [pid 4484:tid 552] AH00094: Command line: 'C:\\laragon\\bin\\apache\\httpd-2.4.47-win64-VS16\\bin\\httpd -d C:/laragon/bin/apache/httpd-2.4.47-win64-VS16'
[Sat Feb 22 21:45:29.230426 2025] [mpm_winnt:notice] [pid 4484:tid 552] AH00418: Parent: Created child process 13500
Apache server restarting...
2025] [mpm_winnt:notice] [pid 13500:tid 616] AH00354: Child: Starting 64 worker threads.
[Sat Feb 22 21:45:42.238899 2025] [mpm_winnt:notice] [pid 4484:tid 552] AH00424: Parent: Received restart signal -- Restarting the server.
[Sat Feb 22 21:45:42.267895 2025] [mpm_winnt:notice] [pid 4484:tid 552] AH00455: Apache/2.4.47 (Win64) OpenSSL/1.1.1k PHP/7.4.19 configured -- resuming normal operations
[Sat Feb 22 21:45:42.268894 2025] [mpm_winnt:notice] [pid 4484:tid 552] AH00456: Apache Lounge VS16 Server built: Apr 24 2021 11:08:47
[Sat Feb 22 21:45:42.268894 2025] [core:notice] [pid 4484:tid 552] AH00094: Command line: 'C:\\laragon\\bin\\apache\\httpd-2.4.47-win64-VS16\\bin\\httpd -d C:/laragon/bin/apache/httpd-2.4.47-win64-VS16'
[Sat Feb 22 21:45:42.269894 2025] [mpm_winnt:notice] [pid 4484:tid 552] AH00418: Parent: Created child process 15848
Apache server interrupted...
025] [mpm_winnt:notice] [pid 15848:tid 588] AH00354: Child: Starting 64 worker threads.
[Sat Feb 22 21:45:44.257510 2025] [mpm_winnt:notice] [pid 13500:tid 616] AH00364: Child: All worker threads have exited.
[Sat Feb 22 21:49:09.076340 2025] [mpm_winnt:notice] [pid 4484:tid 552] AH00422: Parent: Received shutdown signal -- Shutting down the server.
Apache server interrupted...
Apache server interrupted...
Apache server interrupted...
[Sat Feb 22 21:49:14.581759 2025] [core:warn] [pid 5028:tid 516] AH00098: pid file C:/laragon/bin/apache/httpd-2.4.47-win64-VS16/logs/httpd.pid overwritten -- Unclean shutdown of previous Apache run?
[Sat Feb 22 21:49:14.595758 2025] [mpm_winnt:notice] [pid 5028:tid 516] AH00455: Apache/2.4.47 (Win64) OpenSSL/1.1.1k PHP/7.4.19 configured -- resuming normal operations
[Sat Feb 22 21:49:14.595758 2025] [mpm_winnt:notice] [pid 5028:tid 516] AH00456: Apache Lounge VS16 Server built: Apr 24 2021 11:08:47
[Sat Feb 22 21:49:14.595758 2025] [core:notice] [pid 5028:tid 516] AH00094: Command line: 'C:\\laragon\\bin\\apache\\httpd-2.4.47-win64-VS16\\bin\\httpd -d C:/laragon/bin/apache/httpd-2.4.47-win64-VS16'
[Sat Feb 22 21:49:14.598760 2025] [mpm_winnt:notice] [pid 5028:tid 516] AH00418: Parent: Created child process 16144
Apache server interrupted...
025] [mpm_winnt:notice] [pid 16144:tid 640] AH00354: Child: Starting 64 worker threads.
[Sat Feb 22 21:49:27.920922 2025] [cgi:error] [pid 16144:tid 1236] [client 127.0.0.1:51003] AH02811: script not found or unable to stat: C:/laragon/bin/apache/httpd-2.4.47-win64-VS16/cgi-bin/hello.cgi
[Sat Feb 22 21:49:45.496163 2025] [cgi:error] [pid 16144:tid 1236] [client 127.0.0.1:51032] AH02811: script not found or unable to stat: C:/laragon/bin/apache/httpd-2.4.47-win64-VS16/cgi-bin/hello.cgi
[Sat Feb 22 21:51:33.060993 2025] [mpm_winnt:notice] [pid 5028:tid 516] AH00422: Parent: Received shutdown signal -- Shutting down the server.
[Sat Feb 22 21:53:34.294304 2025] [core:warn] [pid 16808:tid 528] AH00098: pid file C:/laragon/bin/apache/httpd-2.4.47-win64-VS16/logs/httpd.pid overwritten -- Unclean shutdown of previous Apache run?
[Sat Feb 22 21:53:34.307305 2025] [mpm_winnt:notice] [pid 16808:tid 528] AH00455: Apache/2.4.47 (Win64) OpenSSL/1.1.1k PHP/7.4.19 configured -- resuming normal operations
[Sat Feb 22 21:53:34.307305 2025] [mpm_winnt:notice] [pid 16808:tid 528] AH00456: Apache Lounge VS16 Server built: Apr 24 2021 11:08:47
[Sat Feb 22 21:53:34.307305 2025] [core:notice] [pid 16808:tid 528] AH00094: Command line: 'C:\\laragon\\bin\\apache\\httpd-2.4.47-win64-VS16\\bin\\httpd -d C:/laragon/bin/apache/httpd-2.4.47-win64-VS16'
[Sat Feb 22 21:53:34.309304 2025] [mpm_winnt:notice] [pid 16808:tid 528] AH00418: Parent: Created child process 15848
Apache server restarting...
2025] [mpm_winnt:notice] [pid 15848:tid 644] AH00354: Child: Starting 64 worker threads.
[Sat Feb 22 21:54:11.406556 2025] [mpm_winnt:notice] [pid 16808:tid 528] AH00424: Parent: Received restart signal -- Restarting the server.
[Sat Feb 22 21:54:11.437559 2025] [mpm_winnt:notice] [pid 16808:tid 528] AH00455: Apache/2.4.47 (Win64) OpenSSL/1.1.1k PHP/7.4.19 configured -- resuming normal operations
[Sat Feb 22 21:54:11.437559 2025] [mpm_winnt:notice] [pid 16808:tid 528] AH00456: Apache Lounge VS16 Server built: Apr 24 2021 11:08:47
[Sat Feb 22 21:54:11.437559 2025] [core:notice] [pid 16808:tid 528] AH00094: Command line: 'C:\\laragon\\bin\\apache\\httpd-2.4.47-win64-VS16\\bin\\httpd -d C:/laragon/bin/apache/httpd-2.4.47-win64-VS16'
[Sat Feb 22 21:54:11.439556 2025] [mpm_winnt:notice] [pid 16808:tid 528] AH00418: Parent: Created child process 17028
Apache server restarting...
2025] [mpm_winnt:notice] [pid 17028:tid 616] AH00354: Child: Starting 64 worker threads.
[Sat Feb 22 21:54:13.423500 2025] [mpm_winnt:notice] [pid 15848:tid 644] AH00364: Child: All worker threads have exited.
[Sat Feb 22 21:54:14.886562 2025] [mpm_winnt:notice] [pid 16808:tid 528] AH00424: Parent: Received restart signal -- Restarting the server.
[Sat Feb 22 21:54:14.914557 2025] [mpm_winnt:notice] [pid 16808:tid 528] AH00455: Apache/2.4.47 (Win64) OpenSSL/1.1.1k PHP/7.4.19 configured -- resuming normal operations
[Sat Feb 22 21:54:14.914557 2025] [mpm_winnt:notice] [pid 16808:tid 528] AH00456: Apache Lounge VS16 Server built: Apr 24 2021 11:08:47
[Sat Feb 22 21:54:14.914557 2025] [core:notice] [pid 16808:tid 528] AH00094: Command line: 'C:\\laragon\\bin\\apache\\httpd-2.4.47-win64-VS16\\bin\\httpd -d C:/laragon/bin/apache/httpd-2.4.47-win64-VS16'
[Sat Feb 22 21:54:14.916559 2025] [mpm_winnt:notice] [pid 16808:tid 528] AH00418: Parent: Created child process 4400
Apache server restarting...
2025] [mpm_winnt:notice] [pid 4400:tid 636] AH00354: Child: Starting 64 worker threads.
[Sat Feb 22 21:54:16.891496 2025] [mpm_winnt:notice] [pid 17028:tid 616] AH00364: Child: All worker threads have exited.
[Sat Feb 22 21:54:18.081116 2025] [cgi:error] [pid 4400:tid 1216] [client 127.0.0.1:51249] AH02811: script not found or unable to stat: C:/laragon/bin/apache/httpd-2.4.47-win64-VS16/cgi-bin/hello.cgi
[Sat Feb 22 21:54:23.442298 2025] [cgi:error] [pid 4400:tid 1216] [client 127.0.0.1:51251] AH02812: attempt to invoke directory as script: C:/laragon/bin/apache/httpd-2.4.47-win64-VS16/cgi-bin/
[Sat Feb 22 21:55:27.689723 2025] [mpm_winnt:notice] [pid 16808:tid 528] AH00424: Parent: Received restart signal -- Restarting the server.
[Sat Feb 22 21:55:27.718725 2025] [mpm_winnt:notice] [pid 16808:tid 528] AH00455: Apache/2.4.47 (Win64) OpenSSL/1.1.1k PHP/7.4.19 configured -- resuming normal operations
[Sat Feb 22 21:55:27.718725 2025] [mpm_winnt:notice] [pid 16808:tid 528] AH00456: Apache Lounge VS16 Server built: Apr 24 2021 11:08:47
[Sat Feb 22 21:55:27.718725 2025] [core:notice] [pid 16808:tid 528] AH00094: Command line: 'C:\\laragon\\bin\\apache\\httpd-2.4.47-win64-VS16\\bin\\httpd -d C:/laragon/bin/apache/httpd-2.4.47-win64-VS16'
[Sat Feb 22 21:55:27.719724 2025] [mpm_winnt:notice] [pid 16808:tid 528] AH00418: Parent: Created child process 3128
Apache server restarting...
2025] [mpm_winnt:notice] [pid 3128:tid 632] AH00354: Child: Starting 64 worker threads.
[Sat Feb 22 21:55:29.504252 2025] [cgi:error] [pid 3128:tid 1216] [client 127.0.0.1:51300] AH02812: attempt to invoke directory as script: C:/laragon/bin/apache/httpd-2.4.47-win64-VS16/cgi-bin/
[Sat Feb 22 21:55:29.713182 2025] [mpm_winnt:notice] [pid 4400:tid 636] AH00364: Child: All worker threads have exited.
[Sat Feb 22 21:55:30.223773 2025] [cgi:error] [pid 3128:tid 1216] [client 127.0.0.1:51300] AH02812: attempt to invoke directory as script: C:/laragon/bin/apache/httpd-2.4.47-win64-VS16/cgi-bin/
[Sat Feb 22 21:55:34.227500 2025] [cgi:error] [pid 3128:tid 1216] [client 127.0.0.1:51300] AH02812: attempt to invoke directory as script: C:/laragon/bin/apache/httpd-2.4.47-win64-VS16/cgi-bin/
[Sat Feb 22 21:59:17.384277 2025] [mpm_winnt:notice] [pid 16808:tid 528] AH00424: Parent: Received restart signal -- Restarting the server.
[Sat Feb 22 21:59:17.420277 2025] [mpm_winnt:notice] [pid 16808:tid 528] AH00455: Apache/2.4.47 (Win64) OpenSSL/1.1.1k PHP/7.4.19 configured -- resuming normal operations
[Sat Feb 22 21:59:17.420277 2025] [mpm_winnt:notice] [pid 16808:tid 528] AH00456: Apache Lounge VS16 Server built: Apr 24 2021 11:08:47
[Sat Feb 22 21:59:17.420277 2025] [core:notice] [pid 16808:tid 528] AH00094: Command line: 'C:\\laragon\\bin\\apache\\httpd-2.4.47-win64-VS16\\bin\\httpd -d C:/laragon/bin/apache/httpd-2.4.47-win64-VS16'
[Sat Feb 22 21:59:17.421278 2025] [mpm_winnt:notice] [pid 16808:tid 528] AH00418: Parent: Created child process 17892
Apache server restarting...
2025] [mpm_winnt:notice] [pid 17892:tid 4] AH00354: Child: Starting 64 worker threads.
[Sat Feb 22 21:59:19.404489 2025] [mpm_winnt:notice] [pid 3128:tid 632] AH00364: Child: All worker threads have exited.
[Sat Feb 22 21:59:37.473843 2025] [mpm_winnt:notice] [pid 16808:tid 528] AH00424: Parent: Received restart signal -- Restarting the server.
[Sat Feb 22 21:59:37.503843 2025] [mpm_winnt:notice] [pid 16808:tid 528] AH00455: Apache/2.4.47 (Win64) OpenSSL/1.1.1k PHP/7.4.19 configured -- resuming normal operations
[Sat Feb 22 21:59:37.503843 2025] [mpm_winnt:notice] [pid 16808:tid 528] AH00456: Apache Lounge VS16 Server built: Apr 24 2021 11:08:47
[Sat Feb 22 21:59:37.503843 2025] [core:notice] [pid 16808:tid 528] AH00094: Command line: 'C:\\laragon\\bin\\apache\\httpd-2.4.47-win64-VS16\\bin\\httpd -d C:/laragon/bin/apache/httpd-2.4.47-win64-VS16'
[Sat Feb 22 21:59:37.505842 2025] [mpm_winnt:notice] [pid 16808:tid 528] AH00418: Parent: Created child process 9368
Apache server restarting...
2025] [mpm_winnt:notice] [pid 9368:tid 632] AH00354: Child: Starting 64 worker threads.
[Sat Feb 22 21:59:39.489453 2025] [mpm_winnt:notice] [pid 17892:tid 4] AH00364: Child: All worker threads have exited.
[Sat Feb 22 21:59:40.527922 2025] [mpm_winnt:notice] [pid 16808:tid 528] AH00424: Parent: Received restart signal -- Restarting the server.
[Sat Feb 22 21:59:40.556914 2025] [mpm_winnt:notice] [pid 16808:tid 528] AH00455: Apache/2.4.47 (Win64) OpenSSL/1.1.1k PHP/7.4.19 configured -- resuming normal operations
[Sat Feb 22 21:59:40.556914 2025] [mpm_winnt:notice] [pid 16808:tid 528] AH00456: Apache Lounge VS16 Server built: Apr 24 2021 11:08:47
[Sat Feb 22 21:59:40.556914 2025] [core:notice] [pid 16808:tid 528] AH00094: Command line: 'C:\\laragon\\bin\\apache\\httpd-2.4.47-win64-VS16\\bin\\httpd -d C:/laragon/bin/apache/httpd-2.4.47-win64-VS16'
[Sat Feb 22 21:59:40.558914 2025] [mpm_winnt:notice] [pid 16808:tid 528] AH00418: Parent: Created child process 18292
Apache server restarting...
2025] [mpm_winnt:notice] [pid 18292:tid 636] AH00354: Child: Starting 64 worker threads.
[Sat Feb 22 21:59:42.543389 2025] [mpm_winnt:notice] [pid 9368:tid 632] AH00364: Child: All worker threads have exited.
[Sat Feb 22 22:00:02.037070 2025] [cgi:error] [pid 18292:tid 1216] [client 127.0.0.1:51509] AH02812: attempt to invoke directory as script: C:/laragon/bin/apache/httpd-2.4.47-win64-VS16/cgi-bin/
[Sat Feb 22 22:00:22.529971 2025] [mpm_winnt:notice] [pid 16808:tid 528] AH00424: Parent: Received restart signal -- Restarting the server.
[Sat Feb 22 22:00:22.559971 2025] [mpm_winnt:notice] [pid 16808:tid 528] AH00455: Apache/2.4.47 (Win64) OpenSSL/1.1.1k PHP/7.4.19 configured -- resuming normal operations
[Sat Feb 22 22:00:22.559971 2025] [mpm_winnt:notice] [pid 16808:tid 528] AH00456: Apache Lounge VS16 Server built: Apr 24 2021 11:08:47
[Sat Feb 22 22:00:22.559971 2025] [core:notice] [pid 16808:tid 528] AH00094: Command line: 'C:\\laragon\\bin\\apache\\httpd-2.4.47-win64-VS16\\bin\\httpd -d C:/laragon/bin/apache/httpd-2.4.47-win64-VS16'
[Sat Feb 22 22:00:22.560971 2025] [mpm_winnt:notice] [pid 16808:tid 528] AH00418: Parent: Created child process 2556
Apache server restarting...
2025] [mpm_winnt:notice] [pid 2556:tid 632] AH00354: Child: Starting 64 worker threads.
[Sat Feb 22 22:00:24.100906 2025] [cgi:error] [pid 2556:tid 1200] [client 127.0.0.1:51525] AH02812: attempt to invoke directory as script: C:/laragon/bin/apache/httpd-2.4.47-win64-VS16/cgi-bin/
[Sat Feb 22 22:00:24.539764 2025] [mpm_winnt:notice] [pid 18292:tid 636] AH00364: Child: All worker threads have exited.
[Sat Feb 22 22:00:24.713495 2025] [cgi:error] [pid 2556:tid 1200] [client 127.0.0.1:51525] AH02812: attempt to invoke directory as script: C:/laragon/bin/apache/httpd-2.4.47-win64-VS16/cgi-bin/
[Sat Feb 22 22:03:52.938550 2025] [mpm_winnt:notice] [pid 16808:tid 528] AH00424: Parent: Received restart signal -- Restarting the server.
[Sat Feb 22 22:03:52.967546 2025] [mpm_winnt:notice] [pid 16808:tid 528] AH00455: Apache/2.4.47 (Win64) OpenSSL/1.1.1k PHP/7.4.19 configured -- resuming normal operations
[Sat Feb 22 22:03:52.967546 2025] [mpm_winnt:notice] [pid 16808:tid 528] AH00456: Apache Lounge VS16 Server built: Apr 24 2021 11:08:47
[Sat Feb 22 22:03:52.967546 2025] [core:notice] [pid 16808:tid 528] AH00094: Command line: 'C:\\laragon\\bin\\apache\\httpd-2.4.47-win64-VS16\\bin\\httpd -d C:/laragon/bin/apache/httpd-2.4.47-win64-VS16'
[Sat Feb 22 22:03:52.969546 2025] [mpm_winnt:notice] [pid 16808:tid 528] AH00418: Parent: Created child process 15232
Apache server interrupted...
025] [mpm_winnt:notice] [pid 15232:tid 628] AH00354: Child: Starting 64 worker threads.
[Sat Feb 22 22:03:54.961703 2025] [mpm_winnt:notice] [pid 2556:tid 632] AH00364: Child: All worker threads have exited.
[Sat Feb 22 22:03:57.037650 2025] [cgi:error] [pid 15232:tid 1180] [client 127.0.0.1:51672] AH02812: attempt to invoke directory as script: C:/laragon/bin/apache/httpd-2.4.47-win64-VS16/cgi-bin/
[Sat Feb 22 22:03:57.610916 2025] [cgi:error] [pid 15232:tid 1180] [client 127.0.0.1:51672] AH02812: attempt to invoke directory as script: C:/laragon/bin/apache/httpd-2.4.47-win64-VS16/cgi-bin/
[Sat Feb 22 22:05:31.559236 2025] [cgi:error] [pid 15232:tid 1180] [client 127.0.0.1:51758] AH02811: script not found or unable to stat: C:/laragon/bin/apache/httpd-2.4.47-win64-VS16/cgi-bin/hello.cgi
[Sat Feb 22 22:06:18.148534 2025] [cgi:error] [pid 15232:tid 1180] [client 127.0.0.1:51785] AH02811: script not found or unable to stat: C:/laragon/bin/apache/httpd-2.4.47-win64-VS16/cgi-bin/hello.cgi
[Sat Feb 22 22:06:27.041446 2025] [mpm_winnt:notice] [pid 16808:tid 528] AH00422: Parent: Received shutdown signal -- Shutting down the server.
[Sat Feb 22 22:06:29.060133 2025] [mpm_winnt:notice] [pid 15232:tid 628] AH00364: Child: All worker threads have exited.
[Sat Feb 22 22:06:29.078690 2025] [mpm_winnt:notice] [pid 16808:tid 528] AH00430: Parent: Child process 15232 exited successfully.
[Sat Feb 22 22:11:15.667219 2025] [mpm_winnt:notice] [pid 3068:tid 616] AH00455: Apache/2.4.47 (Win64) OpenSSL/1.1.1k PHP/7.4.19 configured -- resuming normal operations
[Sat Feb 22 22:11:15.667219 2025] [mpm_winnt:notice] [pid 3068:tid 616] AH00456: Apache Lounge VS16 Server built: Apr 24 2021 11:08:47
[Sat Feb 22 22:11:15.667219 2025] [core:notice] [pid 3068:tid 616] AH00094: Command line: 'C:\\laragon\\bin\\apache\\httpd-2.4.47-win64-VS16\\bin\\httpd -d C:/laragon/bin/apache/httpd-2.4.47-win64-VS16'
[Sat Feb 22 22:11:15.669218 2025] [mpm_winnt:notice] [pid 3068:tid 616] AH00418: Parent: Created child process 3908
Apache server restarting...
2025] [mpm_winnt:notice] [pid 3908:tid 628] AH00354: Child: Starting 64 worker threads.
[Sat Feb 22 22:11:37.857056 2025] [mpm_winnt:notice] [pid 3068:tid 616] AH00424: Parent: Received restart signal -- Restarting the server.
[Sat Feb 22 22:11:37.886057 2025] [mpm_winnt:notice] [pid 3068:tid 616] AH00455: Apache/2.4.47 (Win64) OpenSSL/1.1.1k PHP/7.4.19 configured -- resuming normal operations
[Sat Feb 22 22:11:37.886057 2025] [mpm_winnt:notice] [pid 3068:tid 616] AH00456: Apache Lounge VS16 Server built: Apr 24 2021 11:08:47
[Sat Feb 22 22:11:37.886057 2025] [core:notice] [pid 3068:tid 616] AH00094: Command line: 'C:\\laragon\\bin\\apache\\httpd-2.4.47-win64-VS16\\bin\\httpd -d C:/laragon/bin/apache/httpd-2.4.47-win64-VS16'
[Sat Feb 22 22:11:37.887057 2025] [mpm_winnt:notice] [pid 3068:tid 616] AH00418: Parent: Created child process 16052
Apache server restarting...
2025] [mpm_winnt:notice] [pid 16052:tid 636] AH00354: Child: Starting 64 worker threads.
[Sat Feb 22 22:11:40.627249 2025] [mpm_winnt:notice] [pid 3908:tid 628] AH00364: Child: All worker threads have exited.
[Sat Feb 22 22:11:47.896080 2025] [mpm_winnt:notice] [pid 3068:tid 616] AH00424: Parent: Received restart signal -- Restarting the server.
[Sat Feb 22 22:11:47.924081 2025] [mpm_winnt:notice] [pid 3068:tid 616] AH00455: Apache/2.4.47 (Win64) OpenSSL/1.1.1k PHP/7.4.19 configured -- resuming normal operations
[Sat Feb 22 22:11:47.924081 2025] [mpm_winnt:notice] [pid 3068:tid 616] AH00456: Apache Lounge VS16 Server built: Apr 24 2021 11:08:47
[Sat Feb 22 22:11:47.924081 2025] [core:notice] [pid 3068:tid 616] AH00094: Command line: 'C:\\laragon\\bin\\apache\\httpd-2.4.47-win64-VS16\\bin\\httpd -d C:/laragon/bin/apache/httpd-2.4.47-win64-VS16'
[Sat Feb 22 22:11:47.926082 2025] [mpm_winnt:notice] [pid 3068:tid 616] AH00418: Parent: Created child process 13032
Apache server restarting...
2025] [mpm_winnt:notice] [pid 13032:tid 648] AH00354: Child: Starting 64 worker threads.
[Sat Feb 22 22:11:49.917434 2025] [mpm_winnt:notice] [pid 16052:tid 636] AH00364: Child: All worker threads have exited.
[Sat Feb 22 22:12:17.289503 2025] [mpm_winnt:notice] [pid 3068:tid 616] AH00424: Parent: Received restart signal -- Restarting the server.
[Sat Feb 22 22:12:17.317068 2025] [mpm_winnt:notice] [pid 3068:tid 616] AH00455: Apache/2.4.47 (Win64) OpenSSL/1.1.1k PHP/7.4.19 configured -- resuming normal operations
[Sat Feb 22 22:12:17.317068 2025] [mpm_winnt:notice] [pid 3068:tid 616] AH00456: Apache Lounge VS16 Server built: Apr 24 2021 11:08:47
[Sat Feb 22 22:12:17.317068 2025] [core:notice] [pid 3068:tid 616] AH00094: Command line: 'C:\\laragon\\bin\\apache\\httpd-2.4.47-win64-VS16\\bin\\httpd -d C:/laragon/bin/apache/httpd-2.4.47-win64-VS16'
[Sat Feb 22 22:12:17.318066 2025] [mpm_winnt:notice] [pid 3068:tid 616] AH00418: Parent: Created child process 12032
Apache server restarting...
2025] [mpm_winnt:notice] [pid 12032:tid 616] AH00354: Child: Starting 64 worker threads.
[Sat Feb 22 22:12:19.296011 2025] [mpm_winnt:notice] [pid 13032:tid 648] AH00364: Child: All worker threads have exited.
[Sat Feb 22 22:12:41.315797 2025] [mpm_winnt:notice] [pid 3068:tid 616] AH00424: Parent: Received restart signal -- Restarting the server.
AH00526: Syntax error on line 539 of C:/laragon/bin/apache/httpd-2.4.47-win64-VS16/conf/httpd.conf:
Alias must have two arguments when used globally
[Sat Feb 22 22:12:43.335937 2025] [mpm_winnt:notice] [pid 12032:tid 616] AH00364: Child: All worker threads have exited.
[Sat Feb 22 22:14:26.968460 2025] [core:warn] [pid 11896:tid 532] AH00098: pid file C:/laragon/bin/apache/httpd-2.4.47-win64-VS16/logs/httpd.pid overwritten -- Unclean shutdown of previous Apache run?
[Sat Feb 22 22:14:26.980442 2025] [mpm_winnt:notice] [pid 11896:tid 532] AH00455: Apache/2.4.47 (Win64) OpenSSL/1.1.1k PHP/7.4.19 configured -- resuming normal operations
[Sat Feb 22 22:14:26.981442 2025] [mpm_winnt:notice] [pid 11896:tid 532] AH00456: Apache Lounge VS16 Server built: Apr 24 2021 11:08:47
[Sat Feb 22 22:14:26.981442 2025] [core:notice] [pid 11896:tid 532] AH00094: Command line: 'C:\\laragon\\bin\\apache\\httpd-2.4.47-win64-VS16\\bin\\httpd -d C:/laragon/bin/apache/httpd-2.4.47-win64-VS16'
[Sat Feb 22 22:14:26.983443 2025] [mpm_winnt:notice] [pid 11896:tid 532] AH00418: Parent: Created child process 11516
Apache server interrupted...
025] [mpm_winnt:notice] [pid 11516:tid 664] AH00354: Child: Starting 64 worker threads.
[Sat Feb 22 22:14:34.874210 2025] [mpm_winnt:notice] [pid 11896:tid 532] AH00422: Parent: Received shutdown signal -- Shutting down the server.
[Sat Feb 22 22:14:36.894432 2025] [mpm_winnt:notice] [pid 11516:tid 664] AH00364: Child: All worker threads have exited.
[Sat Feb 22 22:14:46.218361 2025] [core:warn] [pid 3796:tid 528] AH00098: pid file C:/laragon/bin/apache/httpd-2.4.47-win64-VS16/logs/httpd.pid overwritten -- Unclean shutdown of previous Apache run?
[Sat Feb 22 22:14:46.231365 2025] [mpm_winnt:notice] [pid 3796:tid 528] AH00455: Apache/2.4.47 (Win64) OpenSSL/1.1.1k PHP/7.4.19 configured -- resuming normal operations
[Sat Feb 22 22:14:46.231365 2025] [mpm_winnt:notice] [pid 3796:tid 528] AH00456: Apache Lounge VS16 Server built: Apr 24 2021 11:08:47
[Sat Feb 22 22:14:46.231365 2025] [core:notice] [pid 3796:tid 528] AH00094: Command line: 'C:\\laragon\\bin\\apache\\httpd-2.4.47-win64-VS16\\bin\\httpd -d C:/laragon/bin/apache/httpd-2.4.47-win64-VS16'
[Sat Feb 22 22:14:46.233354 2025] [mpm_winnt:notice] [pid 3796:tid 528] AH00418: Parent: Created child process 15520
Apache server interrupted...
025] [mpm_winnt:notice] [pid 15520:tid 628] AH00354: Child: Starting 64 worker threads.
[Sat Feb 22 22:14:52.803641 2025] [mpm_winnt:notice] [pid 3796:tid 528] AH00422: Parent: Received shutdown signal -- Shutting down the server.
Apache server interrupted...
Apache server interrupted...
[Sat Feb 22 22:14:56.146035 2025] [core:warn] [pid 2704:tid 528] AH00098: pid file C:/laragon/bin/apache/httpd-2.4.47-win64-VS16/logs/httpd.pid overwritten -- Unclean shutdown of previous Apache run?
[Sat Feb 22 22:14:56.159036 2025] [mpm_winnt:notice] [pid 2704:tid 528] AH00455: Apache/2.4.47 (Win64) OpenSSL/1.1.1k PHP/7.4.19 configured -- resuming normal operations
[Sat Feb 22 22:14:56.159036 2025] [mpm_winnt:notice] [pid 2704:tid 528] AH00456: Apache Lounge VS16 Server built: Apr 24 2021 11:08:47
[Sat Feb 22 22:14:56.159036 2025] [core:notice] [pid 2704:tid 528] AH00094: Command line: 'C:\\laragon\\bin\\apache\\httpd-2.4.47-win64-VS16\\bin\\httpd -d C:/laragon/bin/apache/httpd-2.4.47-win64-VS16'
[Sat Feb 22 22:14:56.161035 2025] [mpm_winnt:notice] [pid 2704:tid 528] AH00418: Parent: Created child process 12708
[Sat Feb 22 22:14:56.384035 2025] [mpm_winnt:notice] [pid 12708:tid 624] AH00354: Child: Starting 64 worker threads.
[Sat Feb 22 22:15:20.907598 2025] [mpm_winnt:crit] [pid 12708:tid 624] AH02538: Child: Parent process exited abruptly. Child process is ending
[Sat Feb 22 22:16:22.270164 2025] [core:warn] [pid 10468:tid 524] AH00098: pid file C:/laragon/bin/apache/httpd-2.4.47-win64-VS16/logs/httpd.pid overwritten -- Unclean shutdown of previous Apache run?
[Sat Feb 22 22:16:22.282164 2025] [mpm_winnt:notice] [pid 10468:tid 524] AH00455: Apache/2.4.47 (Win64) OpenSSL/1.1.1k PHP/7.4.19 configured -- resuming normal operations
[Sat Feb 22 22:16:22.282164 2025] [mpm_winnt:notice] [pid 10468:tid 524] AH00456: Apache Lounge VS16 Server built: Apr 24 2021 11:08:47
[Sat Feb 22 22:16:22.282164 2025] [core:notice] [pid 10468:tid 524] AH00094: Command line: 'C:\\laragon\\bin\\apache\\httpd-2.4.47-win64-VS16\\bin\\httpd -d C:/laragon/bin/apache/httpd-2.4.47-win64-VS16'
[Sat Feb 22 22:16:22.284165 2025] [mpm_winnt:notice] [pid 10468:tid 524] AH00418: Parent: Created child process 11444
Apache server restarting...
2025] [mpm_winnt:notice] [pid 11444:tid 640] AH00354: Child: Starting 64 worker threads.
[Sat Feb 22 22:16:32.802176 2025] [cgi:error] [pid 11444:tid 1216] [client ::1:52275] AH02812: attempt to invoke directory as script: C:/laragon/bin/apache/httpd-2.4.47-win64-VS16/cgi-bin/
[Sat Feb 22 22:16:52.755286 2025] [mpm_winnt:notice] [pid 10468:tid 524] AH00424: Parent: Received restart signal -- Restarting the server.
[Sat Feb 22 22:16:52.784289 2025] [mpm_winnt:notice] [pid 10468:tid 524] AH00455: Apache/2.4.47 (Win64) OpenSSL/1.1.1k PHP/7.4.19 configured -- resuming normal operations
[Sat Feb 22 22:16:52.784289 2025] [mpm_winnt:notice] [pid 10468:tid 524] AH00456: Apache Lounge VS16 Server built: Apr 24 2021 11:08:47
[Sat Feb 22 22:16:52.784289 2025] [core:notice] [pid 10468:tid 524] AH00094: Command line: 'C:\\laragon\\bin\\apache\\httpd-2.4.47-win64-VS16\\bin\\httpd -d C:/laragon/bin/apache/httpd-2.4.47-win64-VS16'
[Sat Feb 22 22:16:52.786287 2025] [mpm_winnt:notice] [pid 10468:tid 524] AH00418: Parent: Created child process 10572
Apache server interrupted...
025] [mpm_winnt:notice] [pid 10572:tid 624] AH00354: Child: Starting 64 worker threads.
[Sat Feb 22 22:16:54.767317 2025] [mpm_winnt:notice] [pid 11444:tid 640] AH00364: Child: All worker threads have exited.
[Sat Feb 22 22:17:10.235299 2025] [mpm_winnt:notice] [pid 10468:tid 524] AH00422: Parent: Received shutdown signal -- Shutting down the server.
[Sat Feb 22 22:17:12.254039 2025] [mpm_winnt:notice] [pid 10572:tid 624] AH00364: Child: All worker threads have exited.
[Sat Feb 22 22:17:15.978491 2025] [core:warn] [pid 2496:tid 500] AH00098: pid file C:/laragon/bin/apache/httpd-2.4.47-win64-VS16/logs/httpd.pid overwritten -- Unclean shutdown of previous Apache run?
[Sat Feb 22 22:17:15.991487 2025] [mpm_winnt:notice] [pid 2496:tid 500] AH00455: Apache/2.4.47 (Win64) OpenSSL/1.1.1k PHP/7.4.19 configured -- resuming normal operations
[Sat Feb 22 22:17:15.991487 2025] [mpm_winnt:notice] [pid 2496:tid 500] AH00456: Apache Lounge VS16 Server built: Apr 24 2021 11:08:47
[Sat Feb 22 22:17:15.991487 2025] [core:notice] [pid 2496:tid 500] AH00094: Command line: 'C:\\laragon\\bin\\apache\\httpd-2.4.47-win64-VS16\\bin\\httpd -d C:/laragon/bin/apache/httpd-2.4.47-win64-VS16'
[Sat Feb 22 22:17:15.993480 2025] [mpm_winnt:notice] [pid 2496:tid 500] AH00418: Parent: Created child process 12808
Apache server restarting...
2025] [mpm_winnt:notice] [pid 12808:tid 656] AH00354: Child: Starting 64 worker threads.
[Sat Feb 22 22:17:40.767294 2025] [mpm_winnt:notice] [pid 2496:tid 500] AH00424: Parent: Received restart signal -- Restarting the server.
[Sat Feb 22 22:17:40.795295 2025] [mpm_winnt:notice] [pid 2496:tid 500] AH00455: Apache/2.4.47 (Win64) OpenSSL/1.1.1k PHP/7.4.19 configured -- resuming normal operations
[Sat Feb 22 22:17:40.795295 2025] [mpm_winnt:notice] [pid 2496:tid 500] AH00456: Apache Lounge VS16 Server built: Apr 24 2021 11:08:47
[Sat Feb 22 22:17:40.795295 2025] [core:notice] [pid 2496:tid 500] AH00094: Command line: 'C:\\laragon\\bin\\apache\\httpd-2.4.47-win64-VS16\\bin\\httpd -d C:/laragon/bin/apache/httpd-2.4.47-win64-VS16'
[Sat Feb 22 22:17:40.796296 2025] [mpm_winnt:notice] [pid 2496:tid 500] AH00418: Parent: Created child process 880
Apache server restarting...
2025] [mpm_winnt:notice] [pid 880:tid 632] AH00354: Child: Starting 64 worker threads.
[Sat Feb 22 22:17:42.777789 2025] [mpm_winnt:notice] [pid 12808:tid 656] AH00364: Child: All worker threads have exited.
[Sat Feb 22 22:17:47.140758 2025] [cgi:error] [pid 880:tid 1176] [client ::1:52311] AH02812: attempt to invoke directory as script: C:/laragon/bin/apache/httpd-2.4.47-win64-VS16/cgi-bin/
[Sat Feb 22 22:17:47.821473 2025] [cgi:error] [pid 880:tid 1176] [client ::1:52311] AH02812: attempt to invoke directory as script: C:/laragon/bin/apache/httpd-2.4.47-win64-VS16/cgi-bin/
[Sat Feb 22 22:18:13.173111 2025] [mpm_winnt:notice] [pid 2496:tid 500] AH00424: Parent: Received restart signal -- Restarting the server.
[Sat Feb 22 22:18:13.202104 2025] [mpm_winnt:notice] [pid 2496:tid 500] AH00455: Apache/2.4.47 (Win64) OpenSSL/1.1.1k PHP/7.4.19 configured -- resuming normal operations
[Sat Feb 22 22:18:13.202104 2025] [mpm_winnt:notice] [pid 2496:tid 500] AH00456: Apache Lounge VS16 Server built: Apr 24 2021 11:08:47
[Sat Feb 22 22:18:13.202104 2025] [core:notice] [pid 2496:tid 500] AH00094: Command line: 'C:\\laragon\\bin\\apache\\httpd-2.4.47-win64-VS16\\bin\\httpd -d C:/laragon/bin/apache/httpd-2.4.47-win64-VS16'
[Sat Feb 22 22:18:13.203105 2025] [mpm_winnt:notice] [pid 2496:tid 500] AH00418: Parent: Created child process 11328
Apache server restarting...
[Sat Feb 22 22:18:13.659963 2025] [mpm_winnt:notice] [pid 2496:tid 500] AH00424: Parent: Received restart signal -- Restarting the server.
[Sat Feb 22 22:18:13.688968 2025] [mpm_winnt:notice] [pid 2496:tid 500] AH00455: Apache/2.4.47 (Win64) OpenSSL/1.1.1k PHP/7.4.19 configured -- resuming normal operations
[Sat Feb 22 22:18:13.688968 2025] [mpm_winnt:notice] [pid 2496:tid 500] AH00456: Apache Lounge VS16 Server built: Apr 24 2021 11:08:47
[Sat Feb 22 22:18:13.688968 2025] [core:notice] [pid 2496:tid 500] AH00094: Command line: 'C:\\laragon\\bin\\apache\\httpd-2.4.47-win64-VS16\\bin\\httpd -d C:/laragon/bin/apache/httpd-2.4.47-win64-VS16'
[Sat Feb 22 22:18:13.689968 2025] [mpm_winnt:notice] [pid 2496:tid 500] AH00418: Parent: Created child process 11716
Apache server restarting...
2025] [mpm_winnt:notice] [pid 11328:tid 640] AH00354: Child: Starting 64 worker threads.
[Sat Feb 22 22:18:14.185773 2025] [mpm_winnt:error] [pid 11328:tid 1128] (OS 10038)—делана попытка выполнить операцию на объекте, не €вл€ющемс€ сокетом.  : AH00332: winnt_accept: getsockname error on listening socket, is IPv6 available?
[Sat Feb 22 22:18:14.185773 2025] [mpm_winnt:error] [pid 11328:tid 1152] (OS 10038)—делана попытка выполнить операцию на объекте, не €вл€ющемс€ сокетом.  : AH00332: winnt_accept: getsockname error on listening socket, is IPv6 available?
[Sat Feb 22 22:18:14.185773 2025] [mpm_winnt:error] [pid 11328:tid 1156] (OS 10038)—делана попытка выполнить операцию на объекте, не €вл€ющемс€ сокетом.  : AH00332: winnt_accept: getsockname error on listening socket, is IPv6 available?
[Sat Feb 22 22:18:14.185773 2025] [mpm_winnt:error] [pid 11328:tid 1160] (OS 10038)—делана попытка выполнить операцию на объекте, не €вл€ющемс€ сокетом.  : AH00332: winnt_accept: getsockname error on listening socket, is IPv6 available?
[Sat Feb 22 22:18:15.190868 2025] [mpm_winnt:notice] [pid 880:tid 632] AH00364: Child: All worker threads have exited.
[Sat Feb 22 22:18:15.190868 2025] [mpm_winnt:notice] [pid 11716:tid 596] AH00354: Child: Starting 64 worker threads.
[Sat Feb 22 22:18:16.194418 2025] [mpm_winnt:notice] [pid 11328:tid 640] AH00364: Child: All worker threads have exited.
[Sat Feb 22 22:18:33.711793 2025] [mpm_winnt:notice] [pid 2496:tid 500] AH00424: Parent: Received restart signal -- Restarting the server.
[Sat Feb 22 22:18:33.739793 2025] [mpm_winnt:notice] [pid 2496:tid 500] AH00455: Apache/2.4.47 (Win64) OpenSSL/1.1.1k PHP/7.4.19 configured -- resuming normal operations
[Sat Feb 22 22:18:33.739793 2025] [mpm_winnt:notice] [pid 2496:tid 500] AH00456: Apache Lounge VS16 Server built: Apr 24 2021 11:08:47
[Sat Feb 22 22:18:33.739793 2025] [core:notice] [pid 2496:tid 500] AH00094: Command line: 'C:\\laragon\\bin\\apache\\httpd-2.4.47-win64-VS16\\bin\\httpd -d C:/laragon/bin/apache/httpd-2.4.47-win64-VS16'
[Sat Feb 22 22:18:33.740794 2025] [mpm_winnt:notice] [pid 2496:tid 500] AH00418: Parent: Created child process 9132
Apache server restarting...
2025] [mpm_winnt:notice] [pid 9132:tid 480] AH00354: Child: Starting 64 worker threads.
[Sat Feb 22 22:18:35.728442 2025] [mpm_winnt:notice] [pid 11716:tid 596] AH00364: Child: All worker threads have exited.
[Sat Feb 22 22:19:02.261693 2025] [mpm_winnt:notice] [pid 2496:tid 500] AH00424: Parent: Received restart signal -- Restarting the server.
[Sat Feb 22 22:19:02.289689 2025] [mpm_winnt:notice] [pid 2496:tid 500] AH00455: Apache/2.4.47 (Win64) OpenSSL/1.1.1k PHP/7.4.19 configured -- resuming normal operations
[Sat Feb 22 22:19:02.289689 2025] [mpm_winnt:notice] [pid 2496:tid 500] AH00456: Apache Lounge VS16 Server built: Apr 24 2021 11:08:47
[Sat Feb 22 22:19:02.289689 2025] [core:notice] [pid 2496:tid 500] AH00094: Command line: 'C:\\laragon\\bin\\apache\\httpd-2.4.47-win64-VS16\\bin\\httpd -d C:/laragon/bin/apache/httpd-2.4.47-win64-VS16'
[Sat Feb 22 22:19:02.290700 2025] [mpm_winnt:notice] [pid 2496:tid 500] AH00418: Parent: Created child process 10868
Apache server restarting...
2025] [mpm_winnt:notice] [pid 10868:tid 632] AH00354: Child: Starting 64 worker threads.
[Sat Feb 22 22:19:04.273437 2025] [mpm_winnt:notice] [pid 9132:tid 480] AH00364: Child: All worker threads have exited.
[Sat Feb 22 22:19:06.703700 2025] [cgi:error] [pid 10868:tid 1172] [client ::1:52370] AH02812: attempt to invoke directory as script: C:/laragon/www/cgi-bin/
[Sat Feb 22 22:20:42.804637 2025] [mpm_winnt:notice] [pid 2496:tid 500] AH00424: Parent: Received restart signal -- Restarting the server.
[Sat Feb 22 22:20:42.832623 2025] [mpm_winnt:notice] [pid 2496:tid 500] AH00455: Apache/2.4.47 (Win64) OpenSSL/1.1.1k PHP/7.4.19 configured -- resuming normal operations
[Sat Feb 22 22:20:42.832623 2025] [mpm_winnt:notice] [pid 2496:tid 500] AH00456: Apache Lounge VS16 Server built: Apr 24 2021 11:08:47
[Sat Feb 22 22:20:42.832623 2025] [core:notice] [pid 2496:tid 500] AH00094: Command line: 'C:\\laragon\\bin\\apache\\httpd-2.4.47-win64-VS16\\bin\\httpd -d C:/laragon/bin/apache/httpd-2.4.47-win64-VS16'
[Sat Feb 22 22:20:42.834623 2025] [mpm_winnt:notice] [pid 2496:tid 500] AH00418: Parent: Created child process 17044
Apache server restarting...
2025] [mpm_winnt:notice] [pid 17044:tid 608] AH00354: Child: Starting 64 worker threads.
[Sat Feb 22 22:20:44.817850 2025] [mpm_winnt:notice] [pid 10868:tid 632] AH00364: Child: All worker threads have exited.
[Sat Feb 22 22:22:07.848925 2025] [mpm_winnt:notice] [pid 2496:tid 500] AH00424: Parent: Received restart signal -- Restarting the server.
[Sat Feb 22 22:22:07.877924 2025] [mpm_winnt:notice] [pid 2496:tid 500] AH00455: Apache/2.4.47 (Win64) OpenSSL/1.1.1k PHP/7.4.19 configured -- resuming normal operations
[Sat Feb 22 22:22:07.877924 2025] [mpm_winnt:notice] [pid 2496:tid 500] AH00456: Apache Lounge VS16 Server built: Apr 24 2021 11:08:47
[Sat Feb 22 22:22:07.877924 2025] [core:notice] [pid 2496:tid 500] AH00094: Command line: 'C:\\laragon\\bin\\apache\\httpd-2.4.47-win64-VS16\\bin\\httpd -d C:/laragon/bin/apache/httpd-2.4.47-win64-VS16'
[Sat Feb 22 22:22:07.879923 2025] [mpm_winnt:notice] [pid 2496:tid 500] AH00418: Parent: Created child process 3668
Apache server restarting...
2025] [mpm_winnt:notice] [pid 3668:tid 636] AH00354: Child: Starting 64 worker threads.
[Sat Feb 22 22:22:09.858970 2025] [mpm_winnt:notice] [pid 17044:tid 608] AH00364: Child: All worker threads have exited.
[Sat Feb 22 22:22:36.172422 2025] [mpm_winnt:notice] [pid 2496:tid 500] AH00424: Parent: Received restart signal -- Restarting the server.
[Sat Feb 22 22:22:36.202069 2025] [mpm_winnt:notice] [pid 2496:tid 500] AH00455: Apache/2.4.47 (Win64) OpenSSL/1.1.1k PHP/7.4.19 configured -- resuming normal operations
[Sat Feb 22 22:22:36.202069 2025] [mpm_winnt:notice] [pid 2496:tid 500] AH00456: Apache Lounge VS16 Server built: Apr 24 2021 11:08:47
[Sat Feb 22 22:22:36.202069 2025] [core:notice] [pid 2496:tid 500] AH00094: Command line: 'C:\\laragon\\bin\\apache\\httpd-2.4.47-win64-VS16\\bin\\httpd -d C:/laragon/bin/apache/httpd-2.4.47-win64-VS16'
[Sat Feb 22 22:22:36.203070 2025] [mpm_winnt:notice] [pid 2496:tid 500] AH00418: Parent: Created child process 1900
Apache server restarting...
2025] [mpm_winnt:notice] [pid 1900:tid 640] AH00354: Child: Starting 64 worker threads.
[Sat Feb 22 22:22:38.182904 2025] [mpm_winnt:notice] [pid 3668:tid 636] AH00364: Child: All worker threads have exited.
[Sat Feb 22 22:24:38.312944 2025] [mpm_winnt:notice] [pid 2496:tid 500] AH00424: Parent: Received restart signal -- Restarting the server.
[Sat Feb 22 22:24:38.341937 2025] [mpm_winnt:notice] [pid 2496:tid 500] AH00455: Apache/2.4.47 (Win64) OpenSSL/1.1.1k PHP/7.4.19 configured -- resuming normal operations
[Sat Feb 22 22:24:38.341937 2025] [mpm_winnt:notice] [pid 2496:tid 500] AH00456: Apache Lounge VS16 Server built: Apr 24 2021 11:08:47
[Sat Feb 22 22:24:38.341937 2025] [core:notice] [pid 2496:tid 500] AH00094: Command line: 'C:\\laragon\\bin\\apache\\httpd-2.4.47-win64-VS16\\bin\\httpd -d C:/laragon/bin/apache/httpd-2.4.47-win64-VS16'
[Sat Feb 22 22:24:38.343938 2025] [mpm_winnt:notice] [pid 2496:tid 500] AH00418: Parent: Created child process 16460
Apache server restarting...
2025] [mpm_winnt:notice] [pid 16460:tid 676] AH00354: Child: Starting 64 worker threads.
[Sat Feb 22 22:24:40.324747 2025] [mpm_winnt:notice] [pid 1900:tid 640] AH00364: Child: All worker threads have exited.
[Sat Feb 22 22:24:46.942827 2025] [cgi:error] [pid 16460:tid 1168] [client ::1:52769] AH02812: attempt to invoke directory as script: C:/laragon/bin/apache/httpd-2.4.47-win64-VS16/cgi-bin/
[Sat Feb 22 22:25:19.601983 2025] [mpm_winnt:notice] [pid 2496:tid 500] AH00424: Parent: Received restart signal -- Restarting the server.
[Sat Feb 22 22:25:19.630974 2025] [mpm_winnt:notice] [pid 2496:tid 500] AH00455: Apache/2.4.47 (Win64) OpenSSL/1.1.1k PHP/7.4.19 configured -- resuming normal operations
[Sat Feb 22 22:25:19.630974 2025] [mpm_winnt:notice] [pid 2496:tid 500] AH00456: Apache Lounge VS16 Server built: Apr 24 2021 11:08:47
[Sat Feb 22 22:25:19.630974 2025] [core:notice] [pid 2496:tid 500] AH00094: Command line: 'C:\\laragon\\bin\\apache\\httpd-2.4.47-win64-VS16\\bin\\httpd -d C:/laragon/bin/apache/httpd-2.4.47-win64-VS16'
[Sat Feb 22 22:25:19.632974 2025] [mpm_winnt:notice] [pid 2496:tid 500] AH00418: Parent: Created child process 6124
Apache server restarting...
2025] [mpm_winnt:notice] [pid 6124:tid 672] AH00354: Child: Starting 64 worker threads.
[Sat Feb 22 22:25:21.616437 2025] [mpm_winnt:notice] [pid 16460:tid 676] AH00364: Child: All worker threads have exited.
[Sat Feb 22 22:25:22.647582 2025] [cgi:error] [pid 6124:tid 1224] [client ::1:52789] AH02812: attempt to invoke directory as script: C:/laragon/bin/apache/httpd-2.4.47-win64-VS16/cgi-bin/
[Sat Feb 22 22:28:19.514206 2025] [mpm_winnt:notice] [pid 2496:tid 500] AH00424: Parent: Received restart signal -- Restarting the server.
[Sat Feb 22 22:28:19.543204 2025] [mpm_winnt:notice] [pid 2496:tid 500] AH00455: Apache/2.4.47 (Win64) OpenSSL/1.1.1k PHP/7.4.19 configured -- resuming normal operations
[Sat Feb 22 22:28:19.543204 2025] [mpm_winnt:notice] [pid 2496:tid 500] AH00456: Apache Lounge VS16 Server built: Apr 24 2021 11:08:47
[Sat Feb 22 22:28:19.543204 2025] [core:notice] [pid 2496:tid 500] AH00094: Command line: 'C:\\laragon\\bin\\apache\\httpd-2.4.47-win64-VS16\\bin\\httpd -d C:/laragon/bin/apache/httpd-2.4.47-win64-VS16'
[Sat Feb 22 22:28:19.544205 2025] [mpm_winnt:notice] [pid 2496:tid 500] AH00418: Parent: Created child process 8316
Apache server restarting...
2025] [mpm_winnt:notice] [pid 8316:tid 624] AH00354: Child: Starting 64 worker threads.
[Sat Feb 22 22:28:21.525427 2025] [mpm_winnt:notice] [pid 6124:tid 672] AH00364: Child: All worker threads have exited.
[Sat Feb 22 22:28:23.212262 2025] [cgi:error] [pid 8316:tid 1216] [client 127.0.0.1:53184] AH02812: attempt to invoke directory as script: C:/laragon/bin/apache/httpd-2.4.47-win64-VS16/cgi-bin/
[Sat Feb 22 22:28:23.794077 2025] [cgi:error] [pid 8316:tid 1216] [client 127.0.0.1:53184] AH02812: attempt to invoke directory as script: C:/laragon/bin/apache/httpd-2.4.47-win64-VS16/cgi-bin/
[Sat Feb 22 22:28:24.282540 2025] [cgi:error] [pid 8316:tid 1216] [client 127.0.0.1:53184] AH02812: attempt to invoke directory as script: C:/laragon/bin/apache/httpd-2.4.47-win64-VS16/cgi-bin/
[Sat Feb 22 22:28:24.483486 2025] [cgi:error] [pid 8316:tid 1216] [client 127.0.0.1:53184] AH02812: attempt to invoke directory as script: C:/laragon/bin/apache/httpd-2.4.47-win64-VS16/cgi-bin/
[Sat Feb 22 22:28:24.704795 2025] [cgi:error] [pid 8316:tid 1216] [client 127.0.0.1:53184] AH02812: attempt to invoke directory as script: C:/laragon/bin/apache/httpd-2.4.47-win64-VS16/cgi-bin/
[Sat Feb 22 22:28:24.896260 2025] [cgi:error] [pid 8316:tid 1216] [client 127.0.0.1:53184] AH02812: attempt to invoke directory as script: C:/laragon/bin/apache/httpd-2.4.47-win64-VS16/cgi-bin/
[Sat Feb 22 22:28:25.073418 2025] [cgi:error] [pid 8316:tid 1216] [client 127.0.0.1:53184] AH02812: attempt to invoke directory as script: C:/laragon/bin/apache/httpd-2.4.47-win64-VS16/cgi-bin/
[Sat Feb 22 22:30:56.211339 2025] [cgi:error] [pid 8316:tid 1216] [client 127.0.0.1:53359] AH02812: attempt to invoke directory as script: C:/laragon/bin/apache/httpd-2.4.47-win64-VS16/cgi-bin/
[Sat Feb 22 22:35:10.267272 2025] [mpm_winnt:notice] [pid 2496:tid 500] AH00424: Parent: Received restart signal -- Restarting the server.
[Sat Feb 22 22:35:10.295275 2025] [mpm_winnt:notice] [pid 2496:tid 500] AH00455: Apache/2.4.47 (Win64) OpenSSL/1.1.1k PHP/7.4.19 configured -- resuming normal operations
[Sat Feb 22 22:35:10.295275 2025] [mpm_winnt:notice] [pid 2496:tid 500] AH00456: Apache Lounge VS16 Server built: Apr 24 2021 11:08:47
[Sat Feb 22 22:35:10.295275 2025] [core:notice] [pid 2496:tid 500] AH00094: Command line: 'C:\\laragon\\bin\\apache\\httpd-2.4.47-win64-VS16\\bin\\httpd -d C:/laragon/bin/apache/httpd-2.4.47-win64-VS16'
[Sat Feb 22 22:35:10.297267 2025] [mpm_winnt:notice] [pid 2496:tid 500] AH00418: Parent: Created child process 14316
Apache server restarting...
2025] [mpm_winnt:notice] [pid 14316:tid 668] AH00354: Child: Starting 64 worker threads.
[Sat Feb 22 22:35:12.279427 2025] [mpm_winnt:notice] [pid 8316:tid 624] AH00364: Child: All worker threads have exited.
[Sat Feb 22 22:35:13.394462 2025] [cgi:error] [pid 14316:tid 1204] [client 127.0.0.1:53527] AH02812: attempt to invoke directory as script: C:/laragon/bin/apache/httpd-2.4.47-win64-VS16/cgi-bin/
[Sat Feb 22 22:37:51.373366 2025] [cgi:error] [pid 14316:tid 1204] [client 127.0.0.1:53573] AH02812: attempt to invoke directory as script: C:/laragon/bin/apache/httpd-2.4.47-win64-VS16/cgi-bin/
[Sat Feb 22 22:38:38.573879 2025] [mpm_winnt:notice] [pid 2496:tid 500] AH00424: Parent: Received restart signal -- Restarting the server.
[Sat Feb 22 22:38:38.602873 2025] [mpm_winnt:notice] [pid 2496:tid 500] AH00455: Apache/2.4.47 (Win64) OpenSSL/1.1.1k PHP/7.4.19 configured -- resuming normal operations
[Sat Feb 22 22:38:38.602873 2025] [mpm_winnt:notice] [pid 2496:tid 500] AH00456: Apache Lounge VS16 Server built: Apr 24 2021 11:08:47
[Sat Feb 22 22:38:38.602873 2025] [core:notice] [pid 2496:tid 500] AH00094: Command line: 'C:\\laragon\\bin\\apache\\httpd-2.4.47-win64-VS16\\bin\\httpd -d C:/laragon/bin/apache/httpd-2.4.47-win64-VS16'
[Sat Feb 22 22:38:38.604873 2025] [mpm_winnt:notice] [pid 2496:tid 500] AH00418: Parent: Created child process 4116
Apache server restarting...
2025] [mpm_winnt:notice] [pid 4116:tid 700] AH00354: Child: Starting 64 worker threads.
[Sat Feb 22 22:38:40.596685 2025] [mpm_winnt:notice] [pid 14316:tid 668] AH00364: Child: All worker threads have exited.
[Sat Feb 22 22:38:47.735243 2025] [cgi:error] [pid 4116:tid 1172] [client 127.0.0.1:53582] AH02812: attempt to invoke directory as script: C:/laragon/bin/apache/httpd-2.4.47-win64-VS16/cgi-bin/
[Sat Feb 22 22:38:50.682250 2025] [cgi:error] [pid 4116:tid 1172] [client 127.0.0.1:53582] AH02812: attempt to invoke directory as script: C:/laragon/bin/apache/httpd-2.4.47-win64-VS16/cgi-bin/
[Sat Feb 22 22:39:01.245850 2025] [mpm_winnt:notice] [pid 2496:tid 500] AH00424: Parent: Received restart signal -- Restarting the server.
[Sat Feb 22 22:39:01.275848 2025] [mpm_winnt:notice] [pid 2496:tid 500] AH00455: Apache/2.4.47 (Win64) OpenSSL/1.1.1k PHP/7.4.19 configured -- resuming normal operations
[Sat Feb 22 22:39:01.275848 2025] [mpm_winnt:notice] [pid 2496:tid 500] AH00456: Apache Lounge VS16 Server built: Apr 24 2021 11:08:47
[Sat Feb 22 22:39:01.275848 2025] [core:notice] [pid 2496:tid 500] AH00094: Command line: 'C:\\laragon\\bin\\apache\\httpd-2.4.47-win64-VS16\\bin\\httpd -d C:/laragon/bin/apache/httpd-2.4.47-win64-VS16'
[Sat Feb 22 22:39:01.276847 2025] [mpm_winnt:notice] [pid 2496:tid 500] AH00418: Parent: Created child process 1064
Apache server restarting...
2025] [mpm_winnt:notice] [pid 1064:tid 628] AH00354: Child: Starting 64 worker threads.
[Sat Feb 22 22:39:03.262758 2025] [mpm_winnt:notice] [pid 4116:tid 700] AH00364: Child: All worker threads have exited.
[Sat Feb 22 22:39:07.688968 2025] [cgi:error] [pid 1064:tid 1212] [client 127.0.0.1:53593] AH02812: attempt to invoke directory as script: C:/laragon/bin/apache/httpd-2.4.47-win64-VS16/cgi-bin/
[Sat Feb 22 22:39:27.190632 2025] [cgi:error] [pid 1064:tid 1212] [client 127.0.0.1:53601] AH02812: attempt to invoke directory as script: C:/laragon/bin/apache/httpd-2.4.47-win64-VS16/cgi-bin/
[Sat Feb 22 22:40:40.912837 2025] [mpm_winnt:notice] [pid 2496:tid 500] AH00424: Parent: Received restart signal -- Restarting the server.
[Sat Feb 22 22:40:40.940836 2025] [mpm_winnt:notice] [pid 2496:tid 500] AH00455: Apache/2.4.47 (Win64) OpenSSL/1.1.1k PHP/7.4.19 configured -- resuming normal operations
[Sat Feb 22 22:40:40.940836 2025] [mpm_winnt:notice] [pid 2496:tid 500] AH00456: Apache Lounge VS16 Server built: Apr 24 2021 11:08:47
[Sat Feb 22 22:40:40.940836 2025] [core:notice] [pid 2496:tid 500] AH00094: Command line: 'C:\\laragon\\bin\\apache\\httpd-2.4.47-win64-VS16\\bin\\httpd -d C:/laragon/bin/apache/httpd-2.4.47-win64-VS16'
[Sat Feb 22 22:40:40.942832 2025] [mpm_winnt:notice] [pid 2496:tid 500] AH00418: Parent: Created child process 1368
Apache server restarting...
2025] [mpm_winnt:notice] [pid 1368:tid 520] AH00354: Child: Starting 64 worker threads.
[Sat Feb 22 22:40:42.930663 2025] [mpm_winnt:notice] [pid 1064:tid 628] AH00364: Child: All worker threads have exited.
[Sat Feb 22 22:40:57.494197 2025] [cgi:error] [pid 1368:tid 1168] [client 127.0.0.1:53625] AH02812: attempt to invoke directory as script: C:/laragon/bin/apache/httpd-2.4.47-win64-VS16/cgi-bin/
[Sat Feb 22 22:43:31.350743 2025] [cgi:error] [pid 1368:tid 1164] [client 127.0.0.1:53660] AH02812: attempt to invoke directory as script: C:/laragon/bin/apache/httpd-2.4.47-win64-VS16/cgi-bin/
[Sat Feb 22 22:43:34.650467 2025] [cgi:error] [pid 1368:tid 1164] [client 127.0.0.1:53660] AH02812: attempt to invoke directory as script: C:/laragon/bin/apache/httpd-2.4.47-win64-VS16/cgi-bin/
[Sat Feb 22 22:45:28.032579 2025] [mpm_winnt:notice] [pid 2496:tid 500] AH00424: Parent: Received restart signal -- Restarting the server.
[Sat Feb 22 22:45:28.062579 2025] [mpm_winnt:notice] [pid 2496:tid 500] AH00455: Apache/2.4.47 (Win64) OpenSSL/1.1.1k PHP/7.4.19 configured -- resuming normal operations
[Sat Feb 22 22:45:28.062579 2025] [mpm_winnt:notice] [pid 2496:tid 500] AH00456: Apache Lounge VS16 Server built: Apr 24 2021 11:08:47
[Sat Feb 22 22:45:28.062579 2025] [core:notice] [pid 2496:tid 500] AH00094: Command line: 'C:\\laragon\\bin\\apache\\httpd-2.4.47-win64-VS16\\bin\\httpd -d C:/laragon/bin/apache/httpd-2.4.47-win64-VS16'
[Sat Feb 22 22:45:28.063582 2025] [mpm_winnt:notice] [pid 2496:tid 500] AH00418: Parent: Created child process 10304
Apache server restarting...
2025] [mpm_winnt:notice] [pid 10304:tid 652] AH00354: Child: Starting 64 worker threads.
[Sat Feb 22 22:45:30.050777 2025] [mpm_winnt:notice] [pid 1368:tid 520] AH00364: Child: All worker threads have exited.
[Sat Feb 22 22:45:32.704429 2025] [cgi:error] [pid 10304:tid 1180] [client 127.0.0.1:53692] AH02812: attempt to invoke directory as script: C:/laragon/bin/apache/httpd-2.4.47-win64-VS16/cgi-bin/
[Sat Feb 22 22:46:09.242840 2025] [cgi:error] [pid 10304:tid 1180] [client 127.0.0.1:53702] AH02812: attempt to invoke directory as script: C:/laragon/bin/apache/httpd-2.4.47-win64-VS16/cgi-bin/
[Sat Feb 22 22:50:21.857411 2025] [cgi:error] [pid 10304:tid 1180] [client 127.0.0.1:53765] AH02812: attempt to invoke directory as script: C:/laragon/bin/apache/httpd-2.4.47-win64-VS16/cgi-bin/
[Sat Feb 22 22:51:04.003159 2025] [mpm_winnt:notice] [pid 2496:tid 500] AH00424: Parent: Received restart signal -- Restarting the server.
[Sat Feb 22 22:51:04.671169 2025] [mpm_winnt:notice] [pid 2496:tid 500] AH00455: Apache/2.4.47 (Win64) OpenSSL/1.1.1k PHP/7.4.19 configured -- resuming normal operations
[Sat Feb 22 22:51:04.671169 2025] [mpm_winnt:notice] [pid 2496:tid 500] AH00456: Apache Lounge VS16 Server built: Apr 24 2021 11:08:47
[Sat Feb 22 22:51:04.671169 2025] [core:notice] [pid 2496:tid 500] AH00094: Command line: 'C:\\laragon\\bin\\apache\\httpd-2.4.47-win64-VS16\\bin\\httpd -d C:/laragon/bin/apache/httpd-2.4.47-win64-VS16'
[Sat Feb 22 22:51:04.672165 2025] [mpm_winnt:notice] [pid 2496:tid 500] AH00418: Parent: Created child process 2296
Apache server restarting...
2025] [mpm_winnt:notice] [pid 2296:tid 652] AH00354: Child: Starting 64 worker threads.
[Sat Feb 22 22:51:06.029803 2025] [mpm_winnt:notice] [pid 10304:tid 652] AH00364: Child: All worker threads have exited.
[Sat Feb 22 22:54:22.922052 2025] [mpm_winnt:notice] [pid 2496:tid 500] AH00424: Parent: Received restart signal -- Restarting the server.
[Sat Feb 22 22:54:22.950050 2025] [mpm_winnt:notice] [pid 2496:tid 500] AH00455: Apache/2.4.47 (Win64) OpenSSL/1.1.1k PHP/7.4.19 configured -- resuming normal operations
[Sat Feb 22 22:54:22.950050 2025] [mpm_winnt:notice] [pid 2496:tid 500] AH00456: Apache Lounge VS16 Server built: Apr 24 2021 11:08:47
[Sat Feb 22 22:54:22.950050 2025] [core:notice] [pid 2496:tid 500] AH00094: Command line: 'C:\\laragon\\bin\\apache\\httpd-2.4.47-win64-VS16\\bin\\httpd -d C:/laragon/bin/apache/httpd-2.4.47-win64-VS16'
[Sat Feb 22 22:54:22.952048 2025] [mpm_winnt:notice] [pid 2496:tid 500] AH00418: Parent: Created child process 18280
Apache server restarting...
2025] [mpm_winnt:notice] [pid 18280:tid 624] AH00354: Child: Starting 64 worker threads.
[Sat Feb 22 22:54:24.375102 2025] [cgi:error] [pid 18280:tid 1204] [client 127.0.0.1:53789] AH02812: attempt to invoke directory as script: C:/laragon/www/cgi-binn/
[Sat Feb 22 22:54:24.930052 2025] [mpm_winnt:notice] [pid 2296:tid 652] AH00364: Child: All worker threads have exited.
[Sat Feb 22 22:58:51.115943 2025] [mpm_winnt:notice] [pid 2496:tid 500] AH00424: Parent: Received restart signal -- Restarting the server.
[Sat Feb 22 22:58:51.145934 2025] [mpm_winnt:notice] [pid 2496:tid 500] AH00455: Apache/2.4.47 (Win64) OpenSSL/1.1.1k PHP/7.4.19 configured -- resuming normal operations
[Sat Feb 22 22:58:51.145934 2025] [mpm_winnt:notice] [pid 2496:tid 500] AH00456: Apache Lounge VS16 Server built: Apr 24 2021 11:08:47
[Sat Feb 22 22:58:51.145934 2025] [core:notice] [pid 2496:tid 500] AH00094: Command line: 'C:\\laragon\\bin\\apache\\httpd-2.4.47-win64-VS16\\bin\\httpd -d C:/laragon/bin/apache/httpd-2.4.47-win64-VS16'
[Sat Feb 22 22:58:51.146934 2025] [mpm_winnt:notice] [pid 2496:tid 500] AH00418: Parent: Created child process 7956
Apache server restarting...
2025] [mpm_winnt:notice] [pid 7956:tid 644] AH00354: Child: Starting 64 worker threads.
[Sat Feb 22 22:58:52.254215 2025] [cgi:error] [pid 7956:tid 1168] [client 127.0.0.1:53807] AH02812: attempt to invoke directory as script: C:/laragon/bin/apache/httpd-2.4.47-win64-VS16/cgi-bin/
[Sat Feb 22 22:58:53.130127 2025] [mpm_winnt:notice] [pid 18280:tid 624] AH00364: Child: All worker threads have exited.
[Sat Feb 22 23:00:56.330156 2025] [cgi:error] [pid 7956:tid 1168] [client 127.0.0.1:53811] AH02812: attempt to invoke directory as script: C:/laragon/bin/apache/httpd-2.4.47-win64-VS16/cgi-bin/
[Sat Feb 22 23:00:56.844453 2025] [cgi:error] [pid 7956:tid 1168] [client 127.0.0.1:53811] AH02812: attempt to invoke directory as script: C:/laragon/bin/apache/httpd-2.4.47-win64-VS16/cgi-bin/
[Sat Feb 22 23:03:26.827290 2025] [mpm_winnt:notice] [pid 2496:tid 500] AH00424: Parent: Received restart signal -- Restarting the server.
[Sat Feb 22 23:03:26.858290 2025] [mpm_winnt:notice] [pid 2496:tid 500] AH00455: Apache/2.4.47 (Win64) OpenSSL/1.1.1k PHP/7.4.19 configured -- resuming normal operations
[Sat Feb 22 23:03:26.858290 2025] [mpm_winnt:notice] [pid 2496:tid 500] AH00456: Apache Lounge VS16 Server built: Apr 24 2021 11:08:47
[Sat Feb 22 23:03:26.858290 2025] [core:notice] [pid 2496:tid 500] AH00094: Command line: 'C:\\laragon\\bin\\apache\\httpd-2.4.47-win64-VS16\\bin\\httpd -d C:/laragon/bin/apache/httpd-2.4.47-win64-VS16'
[Sat Feb 22 23:03:26.860292 2025] [mpm_winnt:notice] [pid 2496:tid 500] AH00418: Parent: Created child process 604
[Sat Feb 22 23:03:27.833087 2025] [mpm_winnt:notice] [pid 604:tid 640] AH00354: Child: Starting 64 worker threads.
[Sat Feb 22 23:03:28.600155 2025] [cgi:error] [pid 604:tid 1204] [client 127.0.0.1:53829] AH02812: attempt to invoke directory as script: C:/laragon/www/cgi-bin/
[Sat Feb 22 23:03:28.838502 2025] [mpm_winnt:notice] [pid 7956:tid 644] AH00364: Child: All worker threads have exited.
[Sat Feb 22 23:03:30.022655 2025] [cgi:error] [pid 604:tid 1204] [client 127.0.0.1:53829] AH02812: attempt to invoke directory as script: C:/laragon/www/cgi-bin/
[Sat Feb 22 23:03:30.499249 2025] [cgi:error] [pid 604:tid 1204] [client 127.0.0.1:53829] AH02812: attempt to invoke directory as script: C:/laragon/www/cgi-bin/
[Sun Feb 23 19:42:52.587929 2025] [core:warn] [pid 12216:tid 176] AH00098: pid file C:/laragon/bin/apache/httpd-2.4.47-win64-VS16/logs/httpd.pid overwritten -- Unclean shutdown of previous Apache run?
[Sun Feb 23 19:42:52.672931 2025] [mpm_winnt:notice] [pid 12216:tid 176] AH00455: Apache/2.4.47 (Win64) OpenSSL/1.1.1k PHP/7.4.19 configured -- resuming normal operations
[Sun Feb 23 19:42:52.672931 2025] [mpm_winnt:notice] [pid 12216:tid 176] AH00456: Apache Lounge VS16 Server built: Apr 24 2021 11:08:47
[Sun Feb 23 19:42:52.672931 2025] [core:notice] [pid 12216:tid 176] AH00094: Command line: 'C:\\laragon\\bin\\apache\\httpd-2.4.47-win64-VS16\\bin\\httpd -d C:/laragon/bin/apache/httpd-2.4.47-win64-VS16'
[Sun Feb 23 19:42:52.675929 2025] [mpm_winnt:notice] [pid 12216:tid 176] AH00418: Parent: Created child process 1748
[Sun Feb 23 19:42:52.894930 2025] [mpm_winnt:notice] [pid 1748:tid 524] AH00354: Child: Starting 64 worker threads.
[Sun Feb 23 19:43:19.898783 2025] [mpm_winnt:crit] [pid 1748:tid 524] AH02538: Child: Parent process exited abruptly. Child process is ending
[Sun Feb 23 19:43:21.906022 2025] [mpm_winnt:notice] [pid 1748:tid 524] AH00364: Child: All worker threads have exited.
[Sun Feb 23 19:44:56.030042 2025] [core:warn] [pid 3744:tid 528] AH00098: pid file C:/laragon/bin/apache/httpd-2.4.47-win64-VS16/logs/httpd.pid overwritten -- Unclean shutdown of previous Apache run?
[Sun Feb 23 19:44:56.042050 2025] [mpm_winnt:notice] [pid 3744:tid 528] AH00455: Apache/2.4.47 (Win64) OpenSSL/1.1.1k PHP/7.4.19 configured -- resuming normal operations
[Sun Feb 23 19:44:56.042050 2025] [mpm_winnt:notice] [pid 3744:tid 528] AH00456: Apache Lounge VS16 Server built: Apr 24 2021 11:08:47
[Sun Feb 23 19:44:56.042050 2025] [core:notice] [pid 3744:tid 528] AH00094: Command line: 'C:\\laragon\\bin\\apache\\httpd-2.4.47-win64-VS16\\bin\\httpd -d C:/laragon/bin/apache/httpd-2.4.47-win64-VS16'
[Sun Feb 23 19:44:56.044049 2025] [mpm_winnt:notice] [pid 3744:tid 528] AH00418: Parent: Created child process 4216
Apache server restarting...
2025] [mpm_winnt:notice] [pid 4216:tid 628] AH00354: Child: Starting 64 worker threads.
[Sun Feb 23 19:45:12.686554 2025] [cgi:error] [pid 4216:tid 1192] [client 127.0.0.1:53205] AH02812: attempt to invoke directory as script: C:/laragon/www/cgi-bin/
[Sun Feb 23 19:45:19.368162 2025] [win32:error] [pid 4216:tid 1192] [client 127.0.0.1:53209] AH02102: C:/laragon/www/cgi-bin/task1.pas is not executable; ensure interpreted scripts have "#!" or "'!" first line
[Sun Feb 23 19:45:19.368162 2025] [cgi:error] [pid 4216:tid 1192] (9)Bad file descriptor: [client 127.0.0.1:53209] AH01222: don't know how to spawn child process: C:/laragon/www/cgi-bin/task1.pas
[Sun Feb 23 19:54:14.843261 2025] [mpm_winnt:notice] [pid 3744:tid 528] AH00424: Parent: Received restart signal -- Restarting the server.
[Sun Feb 23 19:54:14.873263 2025] [mpm_winnt:notice] [pid 3744:tid 528] AH00455: Apache/2.4.47 (Win64) OpenSSL/1.1.1k PHP/7.4.19 configured -- resuming normal operations
[Sun Feb 23 19:54:14.873263 2025] [mpm_winnt:notice] [pid 3744:tid 528] AH00456: Apache Lounge VS16 Server built: Apr 24 2021 11:08:47
[Sun Feb 23 19:54:14.873263 2025] [core:notice] [pid 3744:tid 528] AH00094: Command line: 'C:\\laragon\\bin\\apache\\httpd-2.4.47-win64-VS16\\bin\\httpd -d C:/laragon/bin/apache/httpd-2.4.47-win64-VS16'
[Sun Feb 23 19:54:14.875259 2025] [mpm_winnt:notice] [pid 3744:tid 528] AH00418: Parent: Created child process 10592
Apache server restarting...
2025] [mpm_winnt:notice] [pid 10592:tid 648] AH00354: Child: Starting 64 worker threads.
[Sun Feb 23 19:54:16.868176 2025] [mpm_winnt:notice] [pid 4216:tid 628] AH00364: Child: All worker threads have exited.
[Sun Feb 23 19:54:23.013595 2025] [cgi:error] [pid 10592:tid 1244] [client 127.0.0.1:53836] AH02811: script not found or unable to stat: C:/laragon/www/cgi-bin/task2.cgi
[Sun Feb 23 19:55:42.697517 2025] [core:error] [pid 10592:tid 1244] (70007)The timeout specified has expired: [client 127.0.0.1:53850] AH00574: ap_content_length_filter: apr_bucket_read() failed
[Sun Feb 23 19:56:35.062551 2025] [mpm_winnt:notice] [pid 3744:tid 528] AH00424: Parent: Received restart signal -- Restarting the server.
[Sun Feb 23 19:56:35.090550 2025] [mpm_winnt:notice] [pid 3744:tid 528] AH00455: Apache/2.4.47 (Win64) OpenSSL/1.1.1k PHP/7.4.19 configured -- resuming normal operations
[Sun Feb 23 19:56:35.090550 2025] [mpm_winnt:notice] [pid 3744:tid 528] AH00456: Apache Lounge VS16 Server built: Apr 24 2021 11:08:47
[Sun Feb 23 19:56:35.090550 2025] [core:notice] [pid 3744:tid 528] AH00094: Command line: 'C:\\laragon\\bin\\apache\\httpd-2.4.47-win64-VS16\\bin\\httpd -d C:/laragon/bin/apache/httpd-2.4.47-win64-VS16'
[Sun Feb 23 19:56:35.091551 2025] [mpm_winnt:notice] [pid 3744:tid 528] AH00418: Parent: Created child process 13048
Apache server interrupted...
025] [mpm_winnt:notice] [pid 13048:tid 636] AH00354: Child: Starting 64 worker threads.
[Sun Feb 23 19:56:37.074768 2025] [mpm_winnt:notice] [pid 10592:tid 648] AH00364: Child: All worker threads have exited.
[Sun Feb 23 19:57:42.744091 2025] [core:error] [pid 13048:tid 1224] (70007)The timeout specified has expired: [client 127.0.0.1:53938] AH00574: ap_content_length_filter: apr_bucket_read() failed
[Sun Feb 23 19:57:59.548098 2025] [core:error] [pid 13048:tid 1180] (70007)The timeout specified has expired: [client 127.0.0.1:53949] AH00574: ap_content_length_filter: apr_bucket_read() failed
[Sun Feb 23 19:59:43.703807 2025] [cgi:error] [pid 13048:tid 1176] [client 127.0.0.1:54074] AH02811: script not found or unable to stat: C:/laragon/www/cgi-bin/task1
[Sun Feb 23 20:00:14.015807 2025] [core:error] [pid 13048:tid 1180] (70007)The timeout specified has expired: [client 127.0.0.1:54053] AH00574: ap_content_length_filter: apr_bucket_read() failed
[Sun Feb 23 20:00:16.443814 2025] [core:error] [pid 13048:tid 1224] (70007)The timeout specified has expired: [client 127.0.0.1:54054] AH00574: ap_content_length_filter: apr_bucket_read() failed
[Sun Feb 23 20:00:30.163805 2025] [mpm_winnt:notice] [pid 3744:tid 528] AH00422: Parent: Received shutdown signal -- Shutting down the server.
[Sun Feb 23 20:00:55.337066 2025] [core:error] [pid 13048:tid 1176] (70007)The timeout specified has expired: [client 127.0.0.1:54081] AH00574: ap_content_length_filter: apr_bucket_read() failed
[Sun Feb 23 20:00:55.492768 2025] [mpm_winnt:notice] [pid 13048:tid 636] AH00364: Child: All worker threads have exited.
[Sun Feb 23 20:01:01.377654 2025] [core:warn] [pid 13692:tid 516] AH00098: pid file C:/laragon/bin/apache/httpd-2.4.47-win64-VS16/logs/httpd.pid overwritten -- Unclean shutdown of previous Apache run?
[Sun Feb 23 20:01:01.389661 2025] [mpm_winnt:notice] [pid 13692:tid 516] AH00455: Apache/2.4.47 (Win64) OpenSSL/1.1.1k PHP/7.4.19 configured -- resuming normal operations
[Sun Feb 23 20:01:01.389661 2025] [mpm_winnt:notice] [pid 13692:tid 516] AH00456: Apache Lounge VS16 Server built: Apr 24 2021 11:08:47
[Sun Feb 23 20:01:01.389661 2025] [core:notice] [pid 13692:tid 516] AH00094: Command line: 'C:\\laragon\\bin\\apache\\httpd-2.4.47-win64-VS16\\bin\\httpd -d C:/laragon/bin/apache/httpd-2.4.47-win64-VS16'
[Sun Feb 23 20:01:01.391655 2025] [mpm_winnt:notice] [pid 13692:tid 516] AH00418: Parent: Created child process 932
Apache server restarting...
2025] [mpm_winnt:notice] [pid 932:tid 648] AH00354: Child: Starting 64 worker threads.
[Sun Feb 23 20:08:14.025569 2025] [mpm_winnt:notice] [pid 13692:tid 516] AH00424: Parent: Received restart signal -- Restarting the server.
[Sun Feb 23 20:08:14.054569 2025] [mpm_winnt:notice] [pid 13692:tid 516] AH00455: Apache/2.4.47 (Win64) OpenSSL/1.1.1k PHP/7.4.19 configured -- resuming normal operations
[Sun Feb 23 20:08:14.054569 2025] [mpm_winnt:notice] [pid 13692:tid 516] AH00456: Apache Lounge VS16 Server built: Apr 24 2021 11:08:47
[Sun Feb 23 20:08:14.054569 2025] [core:notice] [pid 13692:tid 516] AH00094: Command line: 'C:\\laragon\\bin\\apache\\httpd-2.4.47-win64-VS16\\bin\\httpd -d C:/laragon/bin/apache/httpd-2.4.47-win64-VS16'
[Sun Feb 23 20:08:14.056568 2025] [mpm_winnt:notice] [pid 13692:tid 516] AH00418: Parent: Created child process 648
Apache server restarting...
2025] [mpm_winnt:notice] [pid 648:tid 624] AH00354: Child: Starting 64 worker threads.
[Sun Feb 23 20:08:16.040002 2025] [mpm_winnt:notice] [pid 932:tid 648] AH00364: Child: All worker threads have exited.
[Sun Feb 23 20:14:21.397654 2025] [mpm_winnt:notice] [pid 13692:tid 516] AH00424: Parent: Received restart signal -- Restarting the server.
[Sun Feb 23 20:14:21.427647 2025] [mpm_winnt:notice] [pid 13692:tid 516] AH00455: Apache/2.4.47 (Win64) OpenSSL/1.1.1k PHP/7.4.19 configured -- resuming normal operations
[Sun Feb 23 20:14:21.427647 2025] [mpm_winnt:notice] [pid 13692:tid 516] AH00456: Apache Lounge VS16 Server built: Apr 24 2021 11:08:47
[Sun Feb 23 20:14:21.427647 2025] [core:notice] [pid 13692:tid 516] AH00094: Command line: 'C:\\laragon\\bin\\apache\\httpd-2.4.47-win64-VS16\\bin\\httpd -d C:/laragon/bin/apache/httpd-2.4.47-win64-VS16'
[Sun Feb 23 20:14:21.428647 2025] [mpm_winnt:notice] [pid 13692:tid 516] AH00418: Parent: Created child process 18304
Apache server restarting...
2025] [mpm_winnt:notice] [pid 18304:tid 636] AH00354: Child: Starting 64 worker threads.
[Sun Feb 23 20:14:23.401009 2025] [mpm_winnt:notice] [pid 648:tid 624] AH00364: Child: All worker threads have exited.
[Sun Feb 23 20:14:30.628749 2025] [cgi:error] [pid 18304:tid 1208] [client 127.0.0.1:54604] Premature end of script headers: task4.cgi
[Sun Feb 23 20:14:37.955216 2025] [mpm_winnt:notice] [pid 13692:tid 516] AH00424: Parent: Received restart signal -- Restarting the server.
[Sun Feb 23 20:14:37.984217 2025] [mpm_winnt:notice] [pid 13692:tid 516] AH00455: Apache/2.4.47 (Win64) OpenSSL/1.1.1k PHP/7.4.19 configured -- resuming normal operations
[Sun Feb 23 20:14:37.984217 2025] [mpm_winnt:notice] [pid 13692:tid 516] AH00456: Apache Lounge VS16 Server built: Apr 24 2021 11:08:47
[Sun Feb 23 20:14:37.984217 2025] [core:notice] [pid 13692:tid 516] AH00094: Command line: 'C:\\laragon\\bin\\apache\\httpd-2.4.47-win64-VS16\\bin\\httpd -d C:/laragon/bin/apache/httpd-2.4.47-win64-VS16'
[Sun Feb 23 20:14:37.985218 2025] [mpm_winnt:notice] [pid 13692:tid 516] AH00418: Parent: Created child process 9416
Apache server interrupted...
025] [mpm_winnt:notice] [pid 9416:tid 640] AH00354: Child: Starting 64 worker threads.
[Sun Feb 23 20:14:39.972411 2025] [mpm_winnt:notice] [pid 18304:tid 636] AH00364: Child: All worker threads have exited.
[Sun Feb 23 20:14:41.897762 2025] [cgi:error] [pid 9416:tid 1232] [client 127.0.0.1:54616] Premature end of script headers: task4.cgi
[Sun Feb 23 20:15:05.861438 2025] [cgi:error] [pid 9416:tid 1232] [client 127.0.0.1:54631] Premature end of script headers: task4.cgi
[Sun Feb 23 20:15:21.295927 2025] [cgi:error] [pid 9416:tid 1232] [client 127.0.0.1:54638] AH02811: script not found or unable to stat: C:/laragon/www/cgi-bin/installHook.js.map
[Sun Feb 23 20:15:58.272694 2025] [mpm_winnt:notice] [pid 13692:tid 516] AH00422: Parent: Received shutdown signal -- Shutting down the server.
[Sun Feb 23 20:16:00.279547 2025] [mpm_winnt:notice] [pid 9416:tid 640] AH00364: Child: All worker threads have exited.
[Sun Feb 23 20:16:26.102523 2025] [core:warn] [pid 8264:tid 532] AH00098: pid file C:/laragon/bin/apache/httpd-2.4.47-win64-VS16/logs/httpd.pid overwritten -- Unclean shutdown of previous Apache run?
[Sun Feb 23 20:16:26.114529 2025] [mpm_winnt:notice] [pid 8264:tid 532] AH00455: Apache/2.4.47 (Win64) OpenSSL/1.1.1k PHP/7.4.19 configured -- resuming normal operations
[Sun Feb 23 20:16:26.114529 2025] [mpm_winnt:notice] [pid 8264:tid 532] AH00456: Apache Lounge VS16 Server built: Apr 24 2021 11:08:47
[Sun Feb 23 20:16:26.114529 2025] [core:notice] [pid 8264:tid 532] AH00094: Command line: 'C:\\laragon\\bin\\apache\\httpd-2.4.47-win64-VS16\\bin\\httpd -d C:/laragon/bin/apache/httpd-2.4.47-win64-VS16'
[Sun Feb 23 20:16:26.117516 2025] [mpm_winnt:notice] [pid 8264:tid 532] AH00418: Parent: Created child process 4028
[Sun Feb 23 20:16:26.337515 2025] [mpm_winnt:notice] [pid 4028:tid 628] AH00354: Child: Starting 64 worker threads.
[Sun Feb 23 20:16:52.520239 2025] [mpm_winnt:crit] [pid 4028:tid 628] AH02538: Child: Parent process exited abruptly. Child process is ending
[Sun Feb 23 20:16:54.532235 2025] [mpm_winnt:notice] [pid 4028:tid 628] AH00364: Child: All worker threads have exited.
[Tue Feb 25 12:53:33.631377 2025] [core:warn] [pid 15088:tid 516] AH00098: pid file C:/laragon/bin/apache/httpd-2.4.47-win64-VS16/logs/httpd.pid overwritten -- Unclean shutdown of previous Apache run?
[Tue Feb 25 12:53:33.978377 2025] [mpm_winnt:notice] [pid 15088:tid 516] AH00455: Apache/2.4.47 (Win64) OpenSSL/1.1.1k PHP/7.4.19 configured -- resuming normal operations
[Tue Feb 25 12:53:33.978377 2025] [mpm_winnt:notice] [pid 15088:tid 516] AH00456: Apache Lounge VS16 Server built: Apr 24 2021 11:08:47
[Tue Feb 25 12:53:33.978377 2025] [core:notice] [pid 15088:tid 516] AH00094: Command line: 'C:\\laragon\\bin\\apache\\httpd-2.4.47-win64-VS16\\bin\\httpd -d C:/laragon/bin/apache/httpd-2.4.47-win64-VS16'
[Tue Feb 25 12:53:33.980377 2025] [mpm_winnt:notice] [pid 15088:tid 516] AH00418: Parent: Created child process 1516
[Tue Feb 25 12:53:34.193369 2025] [mpm_winnt:notice] [pid 1516:tid 628] AH00354: Child: Starting 64 worker threads.
